Case #1: 0 0
Case #2: 5 1
Case #3: 6 6
Case #4: 6 2
Case #5: 9 4
Case #6: 6 6
Case #7: 2 2
Case #8: 0 0
Case #9: 10 10
Case #10: 0 0
Case #11: 8 3
Case #12: 4 1
Case #13: 4 2
Case #14: 6 2
Case #15: 8 3
Case #16: 8 2
Case #17: 5 1
Case #18: 10 10
Case #19: 0 0
Case #20: 2 2
Case #21: 1 1
Case #22: 10 10
Case #23: 6 3
Case #24: 8 8
Case #25: 9 2
Case #26: 2 2
Case #27: 3 3
Case #28: 5 5
Case #29: 7 2
Case #30: 8 2
Case #31: 7 2
Case #32: 10 4
Case #33: 5 5
Case #34: 2 2
Case #35: 7 2
Case #36: 3 2
Case #37: 0 0
Case #38: 10 4
Case #39: 5 3
Case #40: 7 2
Case #41: 10 10
Case #42: 1 1
Case #43: 0 0
Case #44: 6 1
Case #45: 10 4
Case #46: 6 4
Case #47: 0 0
Case #48: 7 1
Case #49: 6 3
Case #50: 7 3
