Case #1: Anh Luiz Ranjeeth Roman Steaphan Weitao Weitao Zihing
Case #2: Anil Doan Duc Fabien Manohar Paul Rajat Yintao
Case #3: Aleksandar Andras Anshuman Erling Manohar Xiao
Case #4: Lingjuan Zejia
Case #5: Ahmed Anshuman Jan Ranjeeth
Case #6: Chirag Viswanath
Case #7: Anil Igor Purav Sanjeet
Case #8: Anshuman Atol Paul Wai
Case #9: Andras Anh Doan Lingjuan Meihong Saransh Torbjorn Vladislav Vladislav Yingsheng
Case #10: Philip Tom Wesley Zhen
Case #11: Aravind Ekansh
Case #12: Aravind Mehdi Weiyan Xiao
Case #13: Anil Lin Phil Ranjeeth Song Torbjorn
Case #14: Anshuman Manohar Meihong Nima
Case #15: Erling Zejia
Case #16: Andrei Doan Ekansh Erling Fabien Zef
Case #17: Anil Aravind Jan Jan Victor Viswanath
Case #18: Amol Andrei Andrii Aravind David John Nima Paul Rudradev Vladislav
Case #19: Andriy Jan Lingjuan Wenjie Xiao Yingsheng
Case #20: Bhuwan Duc Fabien Meihong Vlad Wai
