Case #1: 238405893 720720066
Case #2: 380983406 319827269
Case #3: 165622659 835003284
Case #4: 250782506 49035108
Case #5: 1 1
Case #6: 1 1
Case #7: 319838403 319838403
Case #8: 513721593 19870649
Case #9: 616614881 718512182
Case #10: 603377488 631844581
Case #11: 992276375 336710496
Case #12: 330170277 458247558
Case #13: 622770288 707003450
Case #14: 9814502 808219050
Case #15: 616119039 957096711
Case #16: 225795326 523210601
Case #17: 910296350 834019692
Case #18: 14099157 687851011
Case #19: 407599208 416582650
Case #20: 1 1
